# github.com/caia-tech/govc/tests [github.com/caia-tech/govc/tests.test]
tests/e2e_workflow_test.go:10:2: "time" imported and not used
=== RUN   TestLibraryAPI
=== RUN   TestLibraryAPI/memory-first_repository
=== RUN   TestLibraryAPI/file-backed_repository
=== RUN   TestLibraryAPI/with_config
    govc_test.go:66: Config system ready for implementation
--- PASS: TestLibraryAPI (0.00s)
    --- PASS: TestLibraryAPI/memory-first_repository (0.00s)
    --- PASS: TestLibraryAPI/file-backed_repository (0.00s)
    --- PASS: TestLibraryAPI/with_config (0.00s)
=== RUN   TestParallelRealities
=== RUN   TestParallelRealities/single_reality
=== RUN   TestParallelRealities/multiple_realities
=== RUN   TestParallelRealities/concurrent_modifications
--- PASS: TestParallelRealities (0.00s)
    --- PASS: TestParallelRealities/single_reality (0.00s)
    --- PASS: TestParallelRealities/multiple_realities (0.00s)
    --- PASS: TestParallelRealities/concurrent_modifications (0.00s)
=== RUN   TestTransactionalCommits
=== RUN   TestTransactionalCommits/successful_transaction
=== RUN   TestTransactionalCommits/validation_failure
=== RUN   TestTransactionalCommits/rollback
--- PASS: TestTransactionalCommits (0.00s)
    --- PASS: TestTransactionalCommits/successful_transaction (0.00s)
    --- PASS: TestTransactionalCommits/validation_failure (0.00s)
    --- PASS: TestTransactionalCommits/rollback (0.00s)
=== RUN   TestEventStream
--- PASS: TestEventStream (0.45s)
=== RUN   TestTimeTravel
    govc_test.go:295: Snapshot commit = Future, want Past
    govc_test.go:301: Read() error = file not found in snapshot: Past.txt
--- FAIL: TestTimeTravel (0.03s)
=== RUN   TestBranchOperations
=== RUN   TestBranchOperations/create_and_list_branches
=== RUN   TestBranchOperations/checkout
=== RUN   TestBranchOperations/merge
--- PASS: TestBranchOperations (0.00s)
    --- PASS: TestBranchOperations/create_and_list_branches (0.00s)
    --- PASS: TestBranchOperations/checkout (0.00s)
    --- PASS: TestBranchOperations/merge (0.00s)
=== RUN   TestMemoryFirstBenefits
=== RUN   TestMemoryFirstBenefits/instant_thousand_branches
    govc_test.go:434: Created 1000 branches in 326.875µs
=== RUN   TestMemoryFirstBenefits/parallel_reality_performance
    govc_test.go:449: Created 100 parallel realities in 44.917µs
    govc_test.go:466: Modified 100 realities concurrently in 357.416µs
--- PASS: TestMemoryFirstBenefits (0.00s)
    --- PASS: TestMemoryFirstBenefits/instant_thousand_branches (0.00s)
    --- PASS: TestMemoryFirstBenefits/parallel_reality_performance (0.00s)
=== RUN   TestRealWorldScenario
    govc_test.go:584: Best configuration: postgres-optimized with score 95.00
    govc_test.go:590: Merge preparation needed: branch not found: postgres-optimized
--- PASS: TestRealWorldScenario (0.00s)
=== RUN   TestQuickStart
--- PASS: TestQuickStart (0.00s)
=== RUN   TestComparisonWithDisk
    govc_test.go:638: Memory: 385.25µs, Disk: 46.690083ms (121.2x faster)
--- PASS: TestComparisonWithDisk (0.06s)
=== RUN   TestIntegrationInfrastructureWorkflow
=== RUN   TestIntegrationInfrastructureWorkflow/parallel_scaling_tests
    integration_test.go:96: Config scale-xlarge: score=260.00, memory=320MB
    integration_test.go:96: Config scale-large: score=130.00, memory=80MB
    integration_test.go:96: Config scale-small: score=30.00, memory=4MB
    integration_test.go:96: Config scale-medium: score=65.00, memory=20MB
    integration_test.go:103: Best configuration: scale-xlarge with score 260.00
=== RUN   TestIntegrationInfrastructureWorkflow/canary_deployment
    integration_test.go:127: Canary deployment successful, promoting to production
=== RUN   TestIntegrationInfrastructureWorkflow/reactive_infrastructure
    integration_test.go:150: Emergency rollback initiated at 2025-07-30 12:00:56 -0400 EDT
    integration_test.go:167: Captured 1 infrastructure events
=== RUN   TestIntegrationInfrastructureWorkflow/incident_investigation
    integration_test.go:193: System state at incident: v1.4
    integration_test.go:197: Last change before incident: Deploy v1.4 by Unknown
--- PASS: TestIntegrationInfrastructureWorkflow (0.37s)
    --- PASS: TestIntegrationInfrastructureWorkflow/parallel_scaling_tests (0.00s)
    --- PASS: TestIntegrationInfrastructureWorkflow/canary_deployment (0.01s)
    --- PASS: TestIntegrationInfrastructureWorkflow/reactive_infrastructure (0.30s)
    --- PASS: TestIntegrationInfrastructureWorkflow/incident_investigation (0.05s)
=== RUN   TestIntegrationConcurrentOperations
=== RUN   TestIntegrationConcurrentOperations/concurrent_transactions
    integration_test.go:237: Successfully committed 50/50 concurrent transactions
=== RUN   TestIntegrationConcurrentOperations/parallel_reality_stress_test
    integration_test.go:271: Created 100 realities in 77.541µs
    integration_test.go:272: Modified 100 realities (1000 files) in 5.933791ms
--- PASS: TestIntegrationConcurrentOperations (0.01s)
    --- PASS: TestIntegrationConcurrentOperations/concurrent_transactions (0.00s)
    --- PASS: TestIntegrationConcurrentOperations/parallel_reality_stress_test (0.01s)
=== RUN   TestIntegrationDistributedScenario
=== RUN   TestIntegrationDistributedScenario/regional_optimization
    integration_test.go:346: Region ap-south: best provider=cloudfront, latency=50.00ms
    integration_test.go:346: Region us-east: best provider=cloudfront, latency=50.00ms
    integration_test.go:346: Region eu-west: best provider=cloudfront, latency=50.00ms
=== RUN   TestIntegrationDistributedScenario/cross-region_consensus
    integration_test.go:369: Region eu-west approved: Upgrade to TLS 1.3
    integration_test.go:369: Region us-east approved: Upgrade to TLS 1.3
    integration_test.go:369: Region ap-south approved: Upgrade to TLS 1.3
    integration_test.go:382: Consensus reached (3/3) for: Upgrade to TLS 1.3
--- PASS: TestIntegrationDistributedScenario (0.01s)
    --- PASS: TestIntegrationDistributedScenario/regional_optimization (0.00s)
    --- PASS: TestIntegrationDistributedScenario/cross-region_consensus (0.01s)
=== RUN   TestIntegrationRealWorldPatterns
=== RUN   TestIntegrationRealWorldPatterns/blue-green_deployment
    integration_test.go:407: Green deployment passed tests, switching traffic
=== RUN   TestIntegrationRealWorldPatterns/configuration_drift_detection
    integration_test.go:438: Drift detected from baseline eabc787
=== RUN   TestIntegrationRealWorldPatterns/disaster_recovery
    integration_test.go:465: Disaster detected! Recovering to backup point: a764a88
--- PASS: TestIntegrationRealWorldPatterns (0.04s)
    --- PASS: TestIntegrationRealWorldPatterns/blue-green_deployment (0.00s)
    --- PASS: TestIntegrationRealWorldPatterns/configuration_drift_detection (0.01s)
    --- PASS: TestIntegrationRealWorldPatterns/disaster_recovery (0.03s)
=== RUN   ExampleRepository_ParallelRealities
--- PASS: ExampleRepository_ParallelRealities (0.00s)
=== RUN   ExampleRepository_TimeTravel
--- FAIL: ExampleRepository_TimeTravel (0.00s)
got:
Configuration at stable point:
version: 2.0
stable: false
want:
Configuration at stable point:
version: 1.0
stable: true
=== RUN   ExampleRepository_Branch
--- PASS: ExampleRepository_Branch (0.00s)
=== RUN   ExampleNew
--- PASS: ExampleNew (0.00s)
=== RUN   ExampleInit
--- PASS: ExampleInit (0.00s)
=== RUN   Example_infrastructureTesting
--- PASS: Example_infrastructureTesting (0.00s)
=== RUN   Example_disasterRecovery
--- FAIL: Example_disasterRecovery (0.00s)
got:
Created backup-1 at da19527
Created backup-2 at a25b757
Created backup-3 at 4a854c8
Disaster detected! Rolling back to backup-3...
want:
Created backup-1 at [a-f0-9]{7}
Created backup-2 at [a-f0-9]{7}
Created backup-3 at [a-f0-9]{7}
Disaster detected! Rolling back to backup-3...
=== RUN   Example_memoryRepository
--- PASS: Example_memoryRepository (0.00s)
=== RUN   Example_parallelRealities
--- PASS: Example_parallelRealities (0.00s)
=== RUN   Example_transaction
--- PASS: Example_transaction (0.00s)
FAIL
FAIL	github.com/caia-tech/govc	1.177s
=== RUN   TestAuthenticationFlow
=== RUN   TestAuthenticationFlow/Login_with_admin_credentials
    api_auth_integration_test.go:60: Received JWT token: eyJhbGciOiJIUzI1NiIs...
=== RUN   TestAuthenticationFlow/Access_protected_endpoint_with_JWT
=== RUN   TestAuthenticationFlow/Create_API_key_with_JWT
    api_auth_integration_test.go:114: Created API key: govc_3Za7q8D_KjN9dk8...
=== RUN   TestAuthenticationFlow/Create_repository_with_API_key
=== RUN   TestAuthenticationFlow/Repository_operations_with_API_key
=== RUN   TestAuthenticationFlow/Test_unauthorized_access
=== RUN   TestAuthenticationFlow/Test_invalid_JWT_token
=== RUN   TestAuthenticationFlow/List_API_keys
=== RUN   TestAuthenticationFlow/Refresh_JWT_token
--- PASS: TestAuthenticationFlow (0.00s)
    --- PASS: TestAuthenticationFlow/Login_with_admin_credentials (0.00s)
    --- PASS: TestAuthenticationFlow/Access_protected_endpoint_with_JWT (0.00s)
    --- PASS: TestAuthenticationFlow/Create_API_key_with_JWT (0.00s)
    --- PASS: TestAuthenticationFlow/Create_repository_with_API_key (0.00s)
    --- PASS: TestAuthenticationFlow/Repository_operations_with_API_key (0.00s)
    --- PASS: TestAuthenticationFlow/Test_unauthorized_access (0.00s)
    --- PASS: TestAuthenticationFlow/Test_invalid_JWT_token (0.00s)
    --- PASS: TestAuthenticationFlow/List_API_keys (0.00s)
    --- PASS: TestAuthenticationFlow/Refresh_JWT_token (0.00s)
=== RUN   TestRBACPermissions
=== RUN   TestRBACPermissions/Create_developer_user
=== RUN   TestRBACPermissions/Create_developer_API_key
=== RUN   TestRBACPermissions/Developer_creates_repository
=== RUN   TestRBACPermissions/Developer_cannot_create_users
=== RUN   TestRBACPermissions/Grant_repository-specific_permissions
    api_auth_integration_test.go:338: Failed to grant repository permission: 400 - {"error":"failed to grant permission: user 'developer' not found","code":"PERMISSION_GRANT_FAILED"}
=== RUN   TestRBACPermissions/Assign_additional_role
    api_auth_integration_test.go:353: Failed to assign role: 400 - {"error":"failed to assign role: user 'developer' not found","code":"ROLE_ASSIGNMENT_FAILED"}
=== RUN   TestRBACPermissions/Get_user_information
    api_auth_integration_test.go:366: Failed to get user info: 404 - {"error":"User not found","code":"USER_NOT_FOUND"}
    api_auth_integration_test.go:374: Expected user to have at least 2 roles, got: <nil>
=== RUN   TestRBACPermissions/Admin_can_access_pool_stats
=== RUN   TestRBACPermissions/Developer_cannot_access_pool_stats
=== RUN   TestRBACPermissions/Verify_developer_user_exists
    api_auth_integration_test.go:412: Developer user should exist: 404
--- FAIL: TestRBACPermissions (0.00s)
    --- PASS: TestRBACPermissions/Create_developer_user (0.00s)
    --- PASS: TestRBACPermissions/Create_developer_API_key (0.00s)
    --- PASS: TestRBACPermissions/Developer_creates_repository (0.00s)
    --- PASS: TestRBACPermissions/Developer_cannot_create_users (0.00s)
    --- FAIL: TestRBACPermissions/Grant_repository-specific_permissions (0.00s)
    --- FAIL: TestRBACPermissions/Assign_additional_role (0.00s)
    --- FAIL: TestRBACPermissions/Get_user_information (0.00s)
    --- PASS: TestRBACPermissions/Admin_can_access_pool_stats (0.00s)
    --- PASS: TestRBACPermissions/Developer_cannot_access_pool_stats (0.00s)
    --- FAIL: TestRBACPermissions/Verify_developer_user_exists (0.00s)
=== RUN   TestMetricsAndHealthWithAuth
=== RUN   TestMetricsAndHealthWithAuth/Health_endpoint_accessible_without_auth
=== RUN   TestMetricsAndHealthWithAuth/Metrics_endpoint_accessible_without_auth
=== RUN   TestMetricsAndHealthWithAuth/Version_endpoint_accessible_without_auth
--- PASS: TestMetricsAndHealthWithAuth (0.00s)
    --- PASS: TestMetricsAndHealthWithAuth/Health_endpoint_accessible_without_auth (0.00s)
    --- PASS: TestMetricsAndHealthWithAuth/Metrics_endpoint_accessible_without_auth (0.00s)
    --- PASS: TestMetricsAndHealthWithAuth/Version_endpoint_accessible_without_auth (0.00s)
=== RUN   TestRepositoryEdgeCases
=== RUN   TestRepositoryEdgeCases/Create_repository_with_empty_ID
=== RUN   TestRepositoryEdgeCases/Create_repository_with_invalid_JSON
=== RUN   TestRepositoryEdgeCases/Create_duplicate_repository
=== RUN   TestRepositoryEdgeCases/Create_repository_with_special_characters_in_ID
=== RUN   TestRepositoryEdgeCases/List_repositories_with_pagination
=== RUN   TestRepositoryEdgeCases/Delete_non-existent_repository
--- PASS: TestRepositoryEdgeCases (0.00s)
    --- PASS: TestRepositoryEdgeCases/Create_repository_with_empty_ID (0.00s)
    --- PASS: TestRepositoryEdgeCases/Create_repository_with_invalid_JSON (0.00s)
    --- PASS: TestRepositoryEdgeCases/Create_duplicate_repository (0.00s)
    --- PASS: TestRepositoryEdgeCases/Create_repository_with_special_characters_in_ID (0.00s)
    --- PASS: TestRepositoryEdgeCases/List_repositories_with_pagination (0.00s)
    --- PASS: TestRepositoryEdgeCases/Delete_non-existent_repository (0.00s)
=== RUN   TestGitOperationsEdgeCases
=== RUN   TestGitOperationsEdgeCases/Add_file_with_empty_path
=== RUN   TestGitOperationsEdgeCases/Add_file_with_path_traversal
=== RUN   TestGitOperationsEdgeCases/Add_very_large_file
=== RUN   TestGitOperationsEdgeCases/Commit_with_empty_message
=== RUN   TestGitOperationsEdgeCases/Show_non-existent_commit
=== RUN   TestGitOperationsEdgeCases/Get_log_with_invalid_limit
    api_comprehensive_test.go:233: For limit '-1': expected status 200 or 400, got 500
    api_comprehensive_test.go:233: For limit '0': expected status 200 or 400, got 500
    api_comprehensive_test.go:233: For limit 'abc': expected status 200 or 400, got 500
    api_comprehensive_test.go:233: For limit '999999999': expected status 200 or 400, got 500
--- FAIL: TestGitOperationsEdgeCases (0.01s)
    --- PASS: TestGitOperationsEdgeCases/Add_file_with_empty_path (0.00s)
    --- PASS: TestGitOperationsEdgeCases/Add_file_with_path_traversal (0.00s)
    --- PASS: TestGitOperationsEdgeCases/Add_very_large_file (0.01s)
    --- PASS: TestGitOperationsEdgeCases/Commit_with_empty_message (0.00s)
    --- PASS: TestGitOperationsEdgeCases/Show_non-existent_commit (0.00s)
    --- FAIL: TestGitOperationsEdgeCases/Get_log_with_invalid_limit (0.00s)
=== RUN   TestBranchOperationsComplex
=== RUN   TestBranchOperationsComplex/Create_branch_from_non-existent_branch
=== RUN   TestBranchOperationsComplex/Create_branch_with_duplicate_name
=== RUN   TestBranchOperationsComplex/Delete_current_branch
=== RUN   TestBranchOperationsComplex/Merge_non-existent_branches
--- PASS: TestBranchOperationsComplex (0.00s)
    --- PASS: TestBranchOperationsComplex/Create_branch_from_non-existent_branch (0.00s)
    --- PASS: TestBranchOperationsComplex/Create_branch_with_duplicate_name (0.00s)
    --- PASS: TestBranchOperationsComplex/Delete_current_branch (0.00s)
    --- PASS: TestBranchOperationsComplex/Merge_non-existent_branches (0.00s)
=== RUN   TestTransactionsConcurrency
=== RUN   TestTransactionsConcurrency/Concurrent_transaction_creation
=== RUN   TestTransactionsConcurrency/Concurrent_modifications_to_same_transaction
=== RUN   TestTransactionsConcurrency/Transaction_cleanup_verification
--- PASS: TestTransactionsConcurrency (0.00s)
    --- PASS: TestTransactionsConcurrency/Concurrent_transaction_creation (0.00s)
    --- PASS: TestTransactionsConcurrency/Concurrent_modifications_to_same_transaction (0.00s)
    --- PASS: TestTransactionsConcurrency/Transaction_cleanup_verification (0.00s)
=== RUN   TestParallelRealitiesComplex
=== RUN   TestParallelRealitiesComplex/Create_many_parallel_realities
=== RUN   TestParallelRealitiesComplex/Apply_different_changes_to_realities
=== RUN   TestParallelRealitiesComplex/Benchmark_non-existent_reality
    api_comprehensive_test.go:553: Expected status 404, got 200
--- FAIL: TestParallelRealitiesComplex (0.00s)
    --- PASS: TestParallelRealitiesComplex/Create_many_parallel_realities (0.00s)
    --- PASS: TestParallelRealitiesComplex/Apply_different_changes_to_realities (0.00s)
    --- FAIL: TestParallelRealitiesComplex/Benchmark_non-existent_reality (0.00s)
=== RUN   TestTimeTravelFeatures
=== RUN   TestTimeTravelFeatures/Time_travel_to_past_state
=== RUN   TestTimeTravelFeatures/Time_travel_to_future
=== RUN   TestTimeTravelFeatures/Read_file_at_specific_time
    api_comprehensive_test.go:672: Expected status 200, got 404
--- FAIL: TestTimeTravelFeatures (0.20s)
    --- PASS: TestTimeTravelFeatures/Time_travel_to_past_state (0.00s)
    --- PASS: TestTimeTravelFeatures/Time_travel_to_future (0.00s)
    --- FAIL: TestTimeTravelFeatures/Read_file_at_specific_time (0.00s)
=== RUN   TestMiddlewareFunctionality
=== RUN   TestMiddlewareFunctionality/Rate_limiting
=== RUN   TestMiddlewareFunctionality/Authentication_when_enabled
    api_comprehensive_test.go:724: Expected status 401 without auth, got 200
--- FAIL: TestMiddlewareFunctionality (0.00s)
    --- PASS: TestMiddlewareFunctionality/Rate_limiting (0.00s)
    --- FAIL: TestMiddlewareFunctionality/Authentication_when_enabled (0.00s)
=== RUN   TestServerMaxRepos
--- PASS: TestServerMaxRepos (0.00s)
=== RUN   TestErrorResponseFormats
=== RUN   TestErrorResponseFormats/Invalid_JSON
=== RUN   TestErrorResponseFormats/Repository_not_found
--- PASS: TestErrorResponseFormats (0.00s)
    --- PASS: TestErrorResponseFormats/Invalid_JSON (0.00s)
    --- PASS: TestErrorResponseFormats/Repository_not_found (0.00s)
=== RUN   TestCompleteGitWorkflow
=== RUN   TestCompleteGitWorkflow/Create_repository
=== RUN   TestCompleteGitWorkflow/Add_initial_files
    api_git_integration_test.go:51: Failed to add file README.md: 400 - {"error":"invalid character '\\n' in string literal","code":"INVALID_REQUEST"}
    api_git_integration_test.go:51: Failed to add file src/main.go: 400 - {"error":"invalid character '\\n' in string literal","code":"INVALID_REQUEST"}
    api_git_integration_test.go:51: Failed to add file go.mod: 400 - {"error":"invalid character '\\n' in string literal","code":"INVALID_REQUEST"}
    api_git_integration_test.go:51: Failed to add file docs/api.md: 400 - {"error":"invalid character '\\n' in string literal","code":"INVALID_REQUEST"}
    api_git_integration_test.go:51: Failed to add file .gitignore: 400 - {"error":"invalid character '\\n' in string literal","code":"INVALID_REQUEST"}
=== RUN   TestCompleteGitWorkflow/Check_status_before_commit
    api_git_integration_test.go:76: Expected 5 staged changes, got 0
=== RUN   TestCompleteGitWorkflow/Create_initial_commit
    api_git_integration_test.go:93: Failed to create initial commit: 400 - {"error":"json: cannot unmarshal object into Go struct field CommitRequest.author of type string","code":"INVALID_REQUEST"}
=== RUN   TestCompleteGitWorkflow/Create_feature_branch
=== RUN   TestCompleteGitWorkflow/Checkout_feature_branch
    api_git_integration_test.go:125: Failed to checkout feature branch: 500 - {"error":"failed to checkout branch: object not found: ","code":"CHECKOUT_FAILED"}
=== RUN   TestCompleteGitWorkflow/Add_test_files_on_feature_branch
    api_git_integration_test.go:146: Failed to add test file tests/integration.go: 400
    api_git_integration_test.go:146: Failed to add test file Makefile: 400
    api_git_integration_test.go:146: Failed to add test file src/main_test.go: 400
=== RUN   TestCompleteGitWorkflow/Modify_existing_file
    api_git_integration_test.go:162: Failed to modify README.md: 400
=== RUN   TestCompleteGitWorkflow/Check_working_diff
    api_git_integration_test.go:174: Failed to get working diff: 500 - {"error":"failed to generate working diff: failed to get HEAD: HEAD points to non-existent ref: refs/heads/main","code":"DIFF_FAILED"}
=== RUN   TestCompleteGitWorkflow/Commit_feature_changes
    api_git_integration_test.go:200: Failed to commit feature changes: 400 - {"error":"json: cannot unmarshal object into Go struct field CommitRequest.author of type string","code":"INVALID_REQUEST"}
=== RUN   TestCompleteGitWorkflow/View_commit_log_on_feature_branch
    api_git_integration_test.go:216: Failed to get commit log: 500 - {"error":"failed to get log: HEAD points to non-existent ref: refs/heads/main","code":"LOG_FAILED"}
=== RUN   TestCompleteGitWorkflow/Show_feature_commit_details
    api_git_integration_test.go:242: Failed to show commit: 404 - 404 page not found
=== RUN   TestCompleteGitWorkflow/Checkout_main_branch
=== RUN   TestCompleteGitWorkflow/Verify_main_branch_state
=== RUN   TestCompleteGitWorkflow/Compare_main_and_feature_branches
    api_git_integration_test.go:294: Failed to get branch diff: 404 - 404 page not found
=== RUN   TestCompleteGitWorkflow/Merge_feature_branch
    api_git_integration_test.go:316: Failed to merge branches: 500 - {"error":"failed to merge: current branch has no commits","code":"MERGE_FAILED"}
=== RUN   TestCompleteGitWorkflow/Verify_merge_completed
    api_git_integration_test.go:329: Makefile should exist on main branch after merge
    api_git_integration_test.go:343: Expected at least 3 commits after merge, got 0
=== RUN   TestCompleteGitWorkflow/Test_stash_functionality
=== RUN   TestCompleteGitWorkflow/Test_file_operations
    api_git_integration_test.go:396: Failed to list directory tree: 500 - {"error":"failed to list files: failed to get HEAD: HEAD points to non-existent ref: refs/heads/main","code":"LIST_FILES_FAILED"}
=== RUN   TestCompleteGitWorkflow/Test_search_functionality
    api_git_integration_test.go:435: Failed to search commits: 400 - {"error":"query parameter is required","code":"MISSING_QUERY"}
=== RUN   TestCompleteGitWorkflow/Final_repository_state_verification
    api_git_integration_test.go:485: Expected at least 2 branches, got 1
--- FAIL: TestCompleteGitWorkflow (0.00s)
    --- PASS: TestCompleteGitWorkflow/Create_repository (0.00s)
    --- FAIL: TestCompleteGitWorkflow/Add_initial_files (0.00s)
    --- FAIL: TestCompleteGitWorkflow/Check_status_before_commit (0.00s)
    --- FAIL: TestCompleteGitWorkflow/Create_initial_commit (0.00s)
    --- PASS: TestCompleteGitWorkflow/Create_feature_branch (0.00s)
    --- FAIL: TestCompleteGitWorkflow/Checkout_feature_branch (0.00s)
    --- FAIL: TestCompleteGitWorkflow/Add_test_files_on_feature_branch (0.00s)
    --- FAIL: TestCompleteGitWorkflow/Modify_existing_file (0.00s)
    --- FAIL: TestCompleteGitWorkflow/Check_working_diff (0.00s)
    --- FAIL: TestCompleteGitWorkflow/Commit_feature_changes (0.00s)
    --- FAIL: TestCompleteGitWorkflow/View_commit_log_on_feature_branch (0.00s)
    --- FAIL: TestCompleteGitWorkflow/Show_feature_commit_details (0.00s)
    --- PASS: TestCompleteGitWorkflow/Checkout_main_branch (0.00s)
    --- PASS: TestCompleteGitWorkflow/Verify_main_branch_state (0.00s)
    --- FAIL: TestCompleteGitWorkflow/Compare_main_and_feature_branches (0.00s)
    --- FAIL: TestCompleteGitWorkflow/Merge_feature_branch (0.00s)
    --- FAIL: TestCompleteGitWorkflow/Verify_merge_completed (0.00s)
    --- PASS: TestCompleteGitWorkflow/Test_stash_functionality (0.00s)
    --- FAIL: TestCompleteGitWorkflow/Test_file_operations (0.00s)
    --- FAIL: TestCompleteGitWorkflow/Test_search_functionality (0.00s)
    --- FAIL: TestCompleteGitWorkflow/Final_repository_state_verification (0.00s)
=== RUN   TestAdvancedGitOperations
=== RUN   TestAdvancedGitOperations/Test_cherry-pick_operation
    api_git_integration_test.go:547: Cherry-pick failed: 201 - {"original_commit":"a3dd1c5b464a58d491fe45224bd8e5f42a47be69","new_commit":"03fe5607fd50805be830b1167ae8c6a99e040851","message":"Cherry-pick: Add feature implementation\n\nAdd feature implementation\n\n(cherry picked from commit a3dd1c5b)","author":"Unknown","email":"unknown@example.com","timestamp":"2025-07-30T12:00:55.910029-04:00","files_changed":["feature.txt"]}
=== RUN   TestAdvancedGitOperations/Test_revert_operation
    api_git_integration_test.go:574: Revert failed: 201 - {"reverted_commit":"03fe5607fd50805be830b1167ae8c6a99e040851","new_commit":"3b1538fe9fd00e43ed212f563142ac8939f8f02b","message":"Revert \"Cherry-pick: Add feature implementation\"\n\nThis reverts commit 03fe5607.","author":"Unknown","email":"unknown@example.com","timestamp":"2025-07-30T12:00:55.910126-04:00","files_changed":["README.md"]}
=== RUN   TestAdvancedGitOperations/Test_reset_operation
    api_git_integration_test.go:602: Reset failed: 400 - {"error":"Key: 'ResetRequest.Target' Error:Field validation for 'Target' failed on the 'required' tag","code":"INVALID_REQUEST"}
--- FAIL: TestAdvancedGitOperations (0.00s)
    --- FAIL: TestAdvancedGitOperations/Test_cherry-pick_operation (0.00s)
    --- FAIL: TestAdvancedGitOperations/Test_revert_operation (0.00s)
    --- FAIL: TestAdvancedGitOperations/Test_reset_operation (0.00s)
=== RUN   TestFileOperations
=== RUN   TestFileOperations/Create_and_read_files
    api_git_integration_test.go:635: Failed to add file code/main.py: 400
    api_git_integration_test.go:635: Failed to add file docs/README.md: 400
    api_git_integration_test.go:635: Failed to add file config/app.yaml: 400
    api_git_integration_test.go:646: Failed to read file text.txt: 404
    api_git_integration_test.go:635: Failed to add file json/data.json: 400
=== RUN   TestFileOperations/Commit_all_files
=== RUN   TestFileOperations/File_move_operation
    api_git_integration_test.go:692: Old file location should not exist after move
    api_git_integration_test.go:701: New file location should exist after move
=== RUN   TestFileOperations/File_removal
=== RUN   TestFileOperations/Directory_tree_listing
    api_git_integration_test.go:742: Expected files array in tree response
--- FAIL: TestFileOperations (0.00s)
    --- FAIL: TestFileOperations/Create_and_read_files (0.00s)
    --- PASS: TestFileOperations/Commit_all_files (0.00s)
    --- FAIL: TestFileOperations/File_move_operation (0.00s)
    --- PASS: TestFileOperations/File_removal (0.00s)
    --- FAIL: TestFileOperations/Directory_tree_listing (0.00s)
=== RUN   TestCompleteWorkflow
=== RUN   TestCompleteWorkflow/Create_repository
=== RUN   TestCompleteWorkflow/Initial_commit
=== RUN   TestCompleteWorkflow/Create_feature_branch
=== RUN   TestCompleteWorkflow/Work_on_feature_branch
=== RUN   TestCompleteWorkflow/Create_test_branch
=== RUN   TestCompleteWorkflow/Verify_branch_states
    api_integration_test.go:175: Branch main has 1 commits
    api_integration_test.go:175: Branch feature/new-config has 1 commits
    api_integration_test.go:175: Branch test/performance has 1 commits
=== RUN   TestCompleteWorkflow/Merge_feature_branch
    api_integration_test.go:189: Failed to merge branches: 500 - {"error":"failed to merge: no common ancestor found","code":"MERGE_FAILED"}
=== RUN   TestCompleteWorkflow/Final_verification
--- FAIL: TestCompleteWorkflow (0.00s)
    --- PASS: TestCompleteWorkflow/Create_repository (0.00s)
    --- PASS: TestCompleteWorkflow/Initial_commit (0.00s)
    --- PASS: TestCompleteWorkflow/Create_feature_branch (0.00s)
    --- PASS: TestCompleteWorkflow/Work_on_feature_branch (0.00s)
    --- PASS: TestCompleteWorkflow/Create_test_branch (0.00s)
    --- PASS: TestCompleteWorkflow/Verify_branch_states (0.00s)
    --- FAIL: TestCompleteWorkflow/Merge_feature_branch (0.00s)
    --- PASS: TestCompleteWorkflow/Final_verification (0.00s)
=== RUN   TestTransactionalWorkflow
=== RUN   TestTransactionalWorkflow/Create_main_transaction
=== RUN   TestTransactionalWorkflow/Add_files_to_transaction
    api_integration_test.go:267: Failed to add file src/main.go: 400
    api_integration_test.go:267: Failed to add file src/utils.go: 400
    api_integration_test.go:267: Failed to add file tests/main_test.go: 400
    api_integration_test.go:267: Failed to add file go.mod: 400
    api_integration_test.go:267: Failed to add file README.md: 400
=== RUN   TestTransactionalWorkflow/Validate_transaction
--- FAIL: TestTransactionalWorkflow (0.00s)
    --- PASS: TestTransactionalWorkflow/Create_main_transaction (0.00s)
    --- FAIL: TestTransactionalWorkflow/Add_files_to_transaction (0.00s)
    --- FAIL: TestTransactionalWorkflow/Validate_transaction (0.00s)
panic: interface conversion: interface {} is nil, not bool [recovered]
	panic: interface conversion: interface {} is nil, not bool

goroutine 450 [running]:
testing.tRunner.func1.2({0x102e055e0, 0x14002ef0870})
	/opt/homebrew/Cellar/go/1.24.3/libexec/src/testing/testing.go:1734 +0x1ac
testing.tRunner.func1()
	/opt/homebrew/Cellar/go/1.24.3/libexec/src/testing/testing.go:1737 +0x334
panic({0x102e055e0?, 0x14002ef0870?})
	/opt/homebrew/Cellar/go/1.24.3/libexec/src/runtime/panic.go:792 +0x124
github.com/caia-tech/govc/api.TestTransactionalWorkflow.func3(0x14002ef41c0)
	/Users/owner/Desktop/caiatech/software/govc/api/api_integration_test.go:286 +0x280
testing.tRunner(0x14002ef41c0, 0x14002ef06f0)
	/opt/homebrew/Cellar/go/1.24.3/libexec/src/testing/testing.go:1792 +0xe4
created by testing.(*T).Run in goroutine 439
	/opt/homebrew/Cellar/go/1.24.3/libexec/src/testing/testing.go:1851 +0x374
FAIL	github.com/caia-tech/govc/api	0.476s
=== RUN   TestNewAPIKeyManager
--- PASS: TestNewAPIKeyManager (0.00s)
=== RUN   TestGenerateAPIKey
=== RUN   TestGenerateAPIKey/valid_API_key_generation
=== RUN   TestGenerateAPIKey/API_key_with_repository_permissions
=== RUN   TestGenerateAPIKey/API_key_with_expiration
=== RUN   TestGenerateAPIKey/non-existent_user
=== RUN   TestGenerateAPIKey/empty_key_name
=== RUN   TestGenerateAPIKey/expired_key
--- PASS: TestGenerateAPIKey (0.00s)
    --- PASS: TestGenerateAPIKey/valid_API_key_generation (0.00s)
    --- PASS: TestGenerateAPIKey/API_key_with_repository_permissions (0.00s)
    --- PASS: TestGenerateAPIKey/API_key_with_expiration (0.00s)
    --- PASS: TestGenerateAPIKey/non-existent_user (0.00s)
    --- PASS: TestGenerateAPIKey/empty_key_name (0.00s)
    --- PASS: TestGenerateAPIKey/expired_key (0.00s)
=== RUN   TestValidateAPIKey
=== RUN   TestValidateAPIKey/valid_API_key
=== RUN   TestValidateAPIKey/empty_key_string
=== RUN   TestValidateAPIKey/invalid_key_format
=== RUN   TestValidateAPIKey/non-existent_key
--- PASS: TestValidateAPIKey (0.00s)
    --- PASS: TestValidateAPIKey/valid_API_key (0.00s)
    --- PASS: TestValidateAPIKey/empty_key_string (0.00s)
    --- PASS: TestValidateAPIKey/invalid_key_format (0.00s)
    --- PASS: TestValidateAPIKey/non-existent_key (0.00s)
=== RUN   TestRevokeAPIKey
=== RUN   TestRevokeAPIKey/revoke_existing_key
=== RUN   TestRevokeAPIKey/revoke_non-existent_key
=== RUN   TestRevokeAPIKey/revoke_already_revoked_key
--- PASS: TestRevokeAPIKey (0.00s)
    --- PASS: TestRevokeAPIKey/revoke_existing_key (0.00s)
    --- PASS: TestRevokeAPIKey/revoke_non-existent_key (0.00s)
    --- PASS: TestRevokeAPIKey/revoke_already_revoked_key (0.00s)
=== RUN   TestListAPIKeys
=== RUN   TestListAPIKeys/list_keys_for_user1
=== RUN   TestListAPIKeys/list_keys_for_user2
=== RUN   TestListAPIKeys/list_keys_for_non-existent_user
--- PASS: TestListAPIKeys (0.00s)
    --- PASS: TestListAPIKeys/list_keys_for_user1 (0.00s)
    --- PASS: TestListAPIKeys/list_keys_for_user2 (0.00s)
    --- PASS: TestListAPIKeys/list_keys_for_non-existent_user (0.00s)
=== RUN   TestGetAPIKey
=== RUN   TestGetAPIKey/get_existing_key
=== RUN   TestGetAPIKey/get_non-existent_key
=== RUN   TestGetAPIKey/get_with_empty_key_ID
--- PASS: TestGetAPIKey (0.00s)
    --- PASS: TestGetAPIKey/get_existing_key (0.00s)
    --- PASS: TestGetAPIKey/get_non-existent_key (0.00s)
    --- PASS: TestGetAPIKey/get_with_empty_key_ID (0.00s)
=== RUN   TestGetKeyStats
--- PASS: TestGetKeyStats (0.00s)
=== RUN   TestAPIKeyInfo
--- PASS: TestAPIKeyInfo (0.00s)
=== RUN   TestConcurrentAPIKeyOperations
--- PASS: TestConcurrentAPIKeyOperations (0.00s)
=== RUN   TestNewJWTAuth
--- PASS: TestNewJWTAuth (0.00s)
=== RUN   TestGenerateToken
=== RUN   TestGenerateToken/valid_token_generation
=== RUN   TestGenerateToken/empty_user_ID
=== RUN   TestGenerateToken/empty_roles
--- PASS: TestGenerateToken (0.00s)
    --- PASS: TestGenerateToken/valid_token_generation (0.00s)
    --- PASS: TestGenerateToken/empty_user_ID (0.00s)
    --- PASS: TestGenerateToken/empty_roles (0.00s)
=== RUN   TestValidateToken
=== RUN   TestValidateToken/valid_token
=== RUN   TestValidateToken/empty_token
=== RUN   TestValidateToken/invalid_token_format
=== RUN   TestValidateToken/malformed_token
--- PASS: TestValidateToken (0.00s)
    --- PASS: TestValidateToken/valid_token (0.00s)
    --- PASS: TestValidateToken/empty_token (0.00s)
    --- PASS: TestValidateToken/invalid_token_format (0.00s)
    --- PASS: TestValidateToken/malformed_token (0.00s)
=== RUN   TestValidateTokenWithWrongSecret
--- PASS: TestValidateTokenWithWrongSecret (0.00s)
=== RUN   TestExpiredToken
--- PASS: TestExpiredToken (0.01s)
=== RUN   TestRefreshToken
=== RUN   TestRefreshToken/valid_token_refresh
=== RUN   TestRefreshToken/empty_token
=== RUN   TestRefreshToken/invalid_token
--- PASS: TestRefreshToken (0.00s)
    --- PASS: TestRefreshToken/valid_token_refresh (0.00s)
    --- PASS: TestRefreshToken/empty_token (0.00s)
    --- PASS: TestRefreshToken/invalid_token (0.00s)
=== RUN   TestClaimsValidation
--- PASS: TestClaimsValidation (0.00s)
=== RUN   TestTokenStructure
--- PASS: TestTokenStructure (0.00s)
=== RUN   TestAuthRequired
=== RUN   TestAuthRequired/valid_JWT_token
=== RUN   TestAuthRequired/no_auth_header
=== RUN   TestAuthRequired/invalid_auth_header_format
=== RUN   TestAuthRequired/invalid_token
=== RUN   TestAuthRequired/malformed_bearer_token
--- PASS: TestAuthRequired (0.00s)
    --- PASS: TestAuthRequired/valid_JWT_token (0.00s)
    --- PASS: TestAuthRequired/no_auth_header (0.00s)
    --- PASS: TestAuthRequired/invalid_auth_header_format (0.00s)
    --- PASS: TestAuthRequired/invalid_token (0.00s)
    --- PASS: TestAuthRequired/malformed_bearer_token (0.00s)
=== RUN   TestAPIKeyAuthentication
=== RUN   TestAPIKeyAuthentication/valid_API_key_in_header
=== RUN   TestAPIKeyAuthentication/valid_API_key_in_query
=== RUN   TestAPIKeyAuthentication/invalid_API_key
=== RUN   TestAPIKeyAuthentication/empty_API_key
--- PASS: TestAPIKeyAuthentication (0.00s)
    --- PASS: TestAPIKeyAuthentication/valid_API_key_in_header (0.00s)
    --- PASS: TestAPIKeyAuthentication/valid_API_key_in_query (0.00s)
    --- PASS: TestAPIKeyAuthentication/invalid_API_key (0.00s)
    --- PASS: TestAPIKeyAuthentication/empty_API_key (0.00s)
=== RUN   TestRequirePermission
=== RUN   TestRequirePermission/admin_access_with_admin_token
=== RUN   TestRequirePermission/admin_access_with_developer_token
=== RUN   TestRequirePermission/repo_read_with_developer_token
=== RUN   TestRequirePermission/repo_read_with_admin_token
--- PASS: TestRequirePermission (0.00s)
    --- PASS: TestRequirePermission/admin_access_with_admin_token (0.00s)
    --- PASS: TestRequirePermission/admin_access_with_developer_token (0.00s)
    --- PASS: TestRequirePermission/repo_read_with_developer_token (0.00s)
    --- PASS: TestRequirePermission/repo_read_with_admin_token (0.00s)
=== RUN   TestRequireRepositoryPermission
=== RUN   TestRequireRepositoryPermission/access_granted_repo
=== RUN   TestRequireRepositoryPermission/access_non-granted_repo_(but_allowed_by_global_developer_role)
--- PASS: TestRequireRepositoryPermission (0.00s)
    --- PASS: TestRequireRepositoryPermission/access_granted_repo (0.00s)
    --- PASS: TestRequireRepositoryPermission/access_non-granted_repo_(but_allowed_by_global_developer_role) (0.00s)
=== RUN   TestOptionalAuth
=== RUN   TestOptionalAuth/with_valid_token
=== RUN   TestOptionalAuth/without_token
=== RUN   TestOptionalAuth/with_invalid_token
--- PASS: TestOptionalAuth (0.00s)
    --- PASS: TestOptionalAuth/with_valid_token (0.00s)
    --- PASS: TestOptionalAuth/without_token (0.00s)
    --- PASS: TestOptionalAuth/with_invalid_token (0.00s)
=== RUN   TestGetCurrentUser
--- PASS: TestGetCurrentUser (0.00s)
=== RUN   TestExpiredJWTToken
--- PASS: TestExpiredJWTToken (0.01s)
=== RUN   TestRevokedAPIKey
--- PASS: TestRevokedAPIKey (0.00s)
=== RUN   TestNewRBAC
--- PASS: TestNewRBAC (0.00s)
=== RUN   TestCreateUser
=== RUN   TestCreateUser/valid_user_creation
=== RUN   TestCreateUser/user_with_multiple_roles
=== RUN   TestCreateUser/user_with_invalid_role
=== RUN   TestCreateUser/duplicate_user_ID
=== RUN   TestCreateUser/empty_user_ID
--- PASS: TestCreateUser (0.00s)
    --- PASS: TestCreateUser/valid_user_creation (0.00s)
    --- PASS: TestCreateUser/user_with_multiple_roles (0.00s)
    --- PASS: TestCreateUser/user_with_invalid_role (0.00s)
    --- PASS: TestCreateUser/duplicate_user_ID (0.00s)
    --- PASS: TestCreateUser/empty_user_ID (0.00s)
=== RUN   TestGetUser
=== RUN   TestGetUser/existing_user
=== RUN   TestGetUser/non-existent_user
=== RUN   TestGetUser/empty_user_ID
--- PASS: TestGetUser (0.00s)
    --- PASS: TestGetUser/existing_user (0.00s)
    --- PASS: TestGetUser/non-existent_user (0.00s)
    --- PASS: TestGetUser/empty_user_ID (0.00s)
=== RUN   TestAssignRole
=== RUN   TestAssignRole/assign_valid_role
=== RUN   TestAssignRole/assign_duplicate_role
=== RUN   TestAssignRole/assign_invalid_role
=== RUN   TestAssignRole/assign_to_non-existent_user
--- PASS: TestAssignRole (0.00s)
    --- PASS: TestAssignRole/assign_valid_role (0.00s)
    --- PASS: TestAssignRole/assign_duplicate_role (0.00s)
    --- PASS: TestAssignRole/assign_invalid_role (0.00s)
    --- PASS: TestAssignRole/assign_to_non-existent_user (0.00s)
=== RUN   TestGetUserPermissions
=== RUN   TestGetUserPermissions/admin_user_permissions
=== RUN   TestGetUserPermissions/developer_user_permissions
=== RUN   TestGetUserPermissions/non-existent_user
--- PASS: TestGetUserPermissions (0.00s)
    --- PASS: TestGetUserPermissions/admin_user_permissions (0.00s)
    --- PASS: TestGetUserPermissions/developer_user_permissions (0.00s)
    --- PASS: TestGetUserPermissions/non-existent_user (0.00s)
=== RUN   TestGrantRepositoryPermission
=== RUN   TestGrantRepositoryPermission/grant_valid_repo_permission
=== RUN   TestGrantRepositoryPermission/grant_to_non-existent_user
=== RUN   TestGrantRepositoryPermission/grant_duplicate_permission
--- PASS: TestGrantRepositoryPermission (0.00s)
    --- PASS: TestGrantRepositoryPermission/grant_valid_repo_permission (0.00s)
    --- PASS: TestGrantRepositoryPermission/grant_to_non-existent_user (0.00s)
    --- PASS: TestGrantRepositoryPermission/grant_duplicate_permission (0.00s)
=== RUN   TestRevokeRepositoryPermission
=== RUN   TestRevokeRepositoryPermission/revoke_existing_permission
=== RUN   TestRevokeRepositoryPermission/revoke_non-existent_permission
=== RUN   TestRevokeRepositoryPermission/revoke_from_non-existent_user
--- PASS: TestRevokeRepositoryPermission (0.00s)
    --- PASS: TestRevokeRepositoryPermission/revoke_existing_permission (0.00s)
    --- PASS: TestRevokeRepositoryPermission/revoke_non-existent_permission (0.00s)
    --- PASS: TestRevokeRepositoryPermission/revoke_from_non-existent_user (0.00s)
=== RUN   TestConcurrentUserOperations
--- PASS: TestConcurrentUserOperations (0.00s)
=== RUN   TestUserUpdateTime
--- PASS: TestUserUpdateTime (0.01s)
PASS
ok  	github.com/caia-tech/govc/auth	(cached)
testing: warning: no tests to run
PASS
ok  	github.com/caia-tech/govc/benchmarks	(cached) [no tests to run]
?   	github.com/caia-tech/govc/cmd/govc	[no test files]
?   	github.com/caia-tech/govc/cmd/govc-server	[no test files]
=== RUN   TestDefaultConfig
--- PASS: TestDefaultConfig (0.00s)
=== RUN   TestLoadConfigFromFile
--- PASS: TestLoadConfigFromFile (0.00s)
=== RUN   TestLoadConfigWithEnvVariables
--- PASS: TestLoadConfigWithEnvVariables (0.00s)
=== RUN   TestLoadConfigWithEnvExpansion
--- PASS: TestLoadConfigWithEnvExpansion (0.00s)
=== RUN   TestConfigValidation
=== RUN   TestConfigValidation/Valid_config
=== RUN   TestConfigValidation/Invalid_port_-_too_low
=== RUN   TestConfigValidation/Invalid_port_-_too_high
=== RUN   TestConfigValidation/JWT_secret_too_short
=== RUN   TestConfigValidation/Default_JWT_secret_in_production
=== RUN   TestConfigValidation/Invalid_log_level
=== RUN   TestConfigValidation/Invalid_log_format
=== RUN   TestConfigValidation/Invalid_storage_type
=== RUN   TestConfigValidation/Disk_storage_without_path
=== RUN   TestConfigValidation/Auth_disabled_-_no_validation_needed
--- PASS: TestConfigValidation (0.00s)
    --- PASS: TestConfigValidation/Valid_config (0.00s)
    --- PASS: TestConfigValidation/Invalid_port_-_too_low (0.00s)
    --- PASS: TestConfigValidation/Invalid_port_-_too_high (0.00s)
    --- PASS: TestConfigValidation/JWT_secret_too_short (0.00s)
    --- PASS: TestConfigValidation/Default_JWT_secret_in_production (0.00s)
    --- PASS: TestConfigValidation/Invalid_log_level (0.00s)
    --- PASS: TestConfigValidation/Invalid_log_format (0.00s)
    --- PASS: TestConfigValidation/Invalid_storage_type (0.00s)
    --- PASS: TestConfigValidation/Disk_storage_without_path (0.00s)
    --- PASS: TestConfigValidation/Auth_disabled_-_no_validation_needed (0.00s)
=== RUN   TestConfigMethods
--- PASS: TestConfigMethods (0.00s)
=== RUN   TestLogLevelString
--- PASS: TestLogLevelString (0.00s)
=== RUN   TestLoadConfigNonexistentFile
--- PASS: TestLoadConfigNonexistentFile (0.00s)
=== RUN   TestLoadConfigInvalidYAML
--- PASS: TestLoadConfigInvalidYAML (0.00s)
=== RUN   TestConfigWithCompleteValues
--- PASS: TestConfigWithCompleteValues (0.00s)
PASS
ok  	github.com/caia-tech/govc/config	(cached)
?   	github.com/caia-tech/govc/examples/distributed	[no test files]
?   	github.com/caia-tech/govc/examples/event-stream	[no test files]
?   	github.com/caia-tech/govc/examples/infrastructure	[no test files]
?   	github.com/caia-tech/govc/examples/library	[no test files]
=== RUN   TestParallelUniverses

Test Results:
=============
test_failover: PASS (0.13ms)
test_scaling_down: PASS (0.07ms)
test_scaling_up: PASS (0.21ms)
--- PASS: TestParallelUniverses (0.00s)
PASS
ok  	github.com/caia-tech/govc/examples/parallel-testing	(cached)
=== RUN   TestLogLevel_String
=== RUN   TestLogLevel_String/DEBUG
=== RUN   TestLogLevel_String/INFO
=== RUN   TestLogLevel_String/WARN
=== RUN   TestLogLevel_String/ERROR
=== RUN   TestLogLevel_String/FATAL
=== RUN   TestLogLevel_String/UNKNOWN
--- PASS: TestLogLevel_String (0.00s)
    --- PASS: TestLogLevel_String/DEBUG (0.00s)
    --- PASS: TestLogLevel_String/INFO (0.00s)
    --- PASS: TestLogLevel_String/WARN (0.00s)
    --- PASS: TestLogLevel_String/ERROR (0.00s)
    --- PASS: TestLogLevel_String/FATAL (0.00s)
    --- PASS: TestLogLevel_String/UNKNOWN (0.00s)
=== RUN   TestNewLogger
=== RUN   TestNewLogger/default_config
=== RUN   TestNewLogger/nil_output_defaults_to_stdout
=== RUN   TestNewLogger/empty_component
--- PASS: TestNewLogger (0.00s)
    --- PASS: TestNewLogger/default_config (0.00s)
    --- PASS: TestNewLogger/nil_output_defaults_to_stdout (0.00s)
    --- PASS: TestNewLogger/empty_component (0.00s)
=== RUN   TestLogger_WithField
--- PASS: TestLogger_WithField (0.00s)
=== RUN   TestLogger_WithFields
--- PASS: TestLogger_WithFields (0.00s)
=== RUN   TestLogger_WithComponent
--- PASS: TestLogger_WithComponent (0.00s)
=== RUN   TestLogger_LogLevels
=== RUN   TestLogger_LogLevels/debug_message
=== RUN   TestLogger_LogLevels/info_message
=== RUN   TestLogger_LogLevels/warn_message
=== RUN   TestLogger_LogLevels/error_message
--- PASS: TestLogger_LogLevels (0.00s)
    --- PASS: TestLogger_LogLevels/debug_message (0.00s)
    --- PASS: TestLogger_LogLevels/info_message (0.00s)
    --- PASS: TestLogger_LogLevels/warn_message (0.00s)
    --- PASS: TestLogger_LogLevels/error_message (0.00s)
=== RUN   TestLogger_FormattedLogs
=== RUN   TestLogger_FormattedLogs/debugf
=== RUN   TestLogger_FormattedLogs/infof
=== RUN   TestLogger_FormattedLogs/warnf
=== RUN   TestLogger_FormattedLogs/errorf
--- PASS: TestLogger_FormattedLogs (0.00s)
    --- PASS: TestLogger_FormattedLogs/debugf (0.00s)
    --- PASS: TestLogger_FormattedLogs/infof (0.00s)
    --- PASS: TestLogger_FormattedLogs/warnf (0.00s)
    --- PASS: TestLogger_FormattedLogs/errorf (0.00s)
=== RUN   TestLogger_ErrorWithErr
--- PASS: TestLogger_ErrorWithErr (0.00s)
=== RUN   TestLogger_LogLevel_Filtering
=== RUN   TestLogger_LogLevel_Filtering/debug_should_be_filtered
=== RUN   TestLogger_LogLevel_Filtering/info_should_be_filtered
=== RUN   TestLogger_LogLevel_Filtering/warn_should_log
=== RUN   TestLogger_LogLevel_Filtering/error_should_log
--- PASS: TestLogger_LogLevel_Filtering (0.00s)
    --- PASS: TestLogger_LogLevel_Filtering/debug_should_be_filtered (0.00s)
    --- PASS: TestLogger_LogLevel_Filtering/info_should_be_filtered (0.00s)
    --- PASS: TestLogger_LogLevel_Filtering/warn_should_log (0.00s)
    --- PASS: TestLogger_LogLevel_Filtering/error_should_log (0.00s)
=== RUN   TestLogger_LogOperation
=== RUN   TestLogger_LogOperation/successful_operation
=== RUN   TestLogger_LogOperation/failed_operation
--- PASS: TestLogger_LogOperation (0.01s)
    --- PASS: TestLogger_LogOperation/successful_operation (0.01s)
    --- PASS: TestLogger_LogOperation/failed_operation (0.00s)
=== RUN   TestLogger_JSONFormatting
--- PASS: TestLogger_JSONFormatting (0.00s)
=== RUN   TestEscapeJSON
--- PASS: TestEscapeJSON (0.00s)
=== RUN   TestGinLogger
=== RUN   TestGinLogger/successful_request
=== RUN   TestGinLogger/client_error_request
=== RUN   TestGinLogger/server_error_request
--- PASS: TestGinLogger (0.01s)
    --- PASS: TestGinLogger/successful_request (0.01s)
    --- PASS: TestGinLogger/client_error_request (0.00s)
    --- PASS: TestGinLogger/server_error_request (0.00s)
=== RUN   TestGenerateRequestID
--- PASS: TestGenerateRequestID (0.00s)
=== RUN   TestGetRequestID
--- PASS: TestGetRequestID (0.00s)
=== RUN   TestGetUserID
--- PASS: TestGetUserID (0.00s)
=== RUN   TestDefaultLogger
--- PASS: TestDefaultLogger (0.00s)
=== RUN   TestPackageLevelFunctions
=== RUN   TestPackageLevelFunctions/Debug
=== RUN   TestPackageLevelFunctions/Debugf
=== RUN   TestPackageLevelFunctions/Info
=== RUN   TestPackageLevelFunctions/Infof
=== RUN   TestPackageLevelFunctions/Warn
=== RUN   TestPackageLevelFunctions/Warnf
=== RUN   TestPackageLevelFunctions/Error
=== RUN   TestPackageLevelFunctions/Errorf
=== RUN   TestPackageLevelFunctions/ErrorWithErr
--- PASS: TestPackageLevelFunctions (0.00s)
    --- PASS: TestPackageLevelFunctions/Debug (0.00s)
    --- PASS: TestPackageLevelFunctions/Debugf (0.00s)
    --- PASS: TestPackageLevelFunctions/Info (0.00s)
    --- PASS: TestPackageLevelFunctions/Infof (0.00s)
    --- PASS: TestPackageLevelFunctions/Warn (0.00s)
    --- PASS: TestPackageLevelFunctions/Warnf (0.00s)
    --- PASS: TestPackageLevelFunctions/Error (0.00s)
    --- PASS: TestPackageLevelFunctions/Errorf (0.00s)
    --- PASS: TestPackageLevelFunctions/ErrorWithErr (0.00s)
PASS
ok  	github.com/caia-tech/govc/logging	(cached)
=== RUN   TestNewPrometheusMetrics
--- PASS: TestNewPrometheusMetrics (0.00s)
=== RUN   TestRecordHTTPRequest
=== RUN   TestRecordHTTPRequest/GET_request_success
=== RUN   TestRecordHTTPRequest/POST_request_created
=== RUN   TestRecordHTTPRequest/GET_request_not_found
=== RUN   TestRecordHTTPRequest/same_method_and_status
--- PASS: TestRecordHTTPRequest (0.00s)
    --- PASS: TestRecordHTTPRequest/GET_request_success (0.00s)
    --- PASS: TestRecordHTTPRequest/POST_request_created (0.00s)
    --- PASS: TestRecordHTTPRequest/GET_request_not_found (0.00s)
    --- PASS: TestRecordHTTPRequest/same_method_and_status (0.00s)
=== RUN   TestHTTPInFlightMetrics
--- PASS: TestHTTPInFlightMetrics (0.00s)
=== RUN   TestSetRepositoryCount
=== RUN   TestSetRepositoryCount/zero_repositories
=== RUN   TestSetRepositoryCount/positive_count
=== RUN   TestSetRepositoryCount/large_count
=== RUN   TestSetRepositoryCount/update_count
--- PASS: TestSetRepositoryCount (0.00s)
    --- PASS: TestSetRepositoryCount/zero_repositories (0.00s)
    --- PASS: TestSetRepositoryCount/positive_count (0.00s)
    --- PASS: TestSetRepositoryCount/large_count (0.00s)
    --- PASS: TestSetRepositoryCount/update_count (0.00s)
=== RUN   TestSetTransactionCount
=== RUN   TestSetTransactionCount/zero_transactions
=== RUN   TestSetTransactionCount/positive_count
=== RUN   TestSetTransactionCount/large_count
=== RUN   TestSetTransactionCount/update_count
--- PASS: TestSetTransactionCount (0.00s)
    --- PASS: TestSetTransactionCount/zero_transactions (0.00s)
    --- PASS: TestSetTransactionCount/positive_count (0.00s)
    --- PASS: TestSetTransactionCount/large_count (0.00s)
    --- PASS: TestSetTransactionCount/update_count (0.00s)
=== RUN   TestGenerateMetrics
--- PASS: TestGenerateMetrics (0.00s)
=== RUN   TestPrometheusHandler
--- PASS: TestPrometheusHandler (0.00s)
=== RUN   TestGinMiddleware
--- PASS: TestGinMiddleware (0.01s)
=== RUN   TestConcurrentMetrics
--- PASS: TestConcurrentMetrics (0.00s)
=== RUN   TestHelperFunctions
--- PASS: TestHelperFunctions (0.00s)
PASS
ok  	github.com/caia-tech/govc/metrics	(cached)
?   	github.com/caia-tech/govc/pkg/api	[no test files]
=== RUN   TestBlob
=== RUN   TestBlob/empty_blob
=== RUN   TestBlob/simple_text
=== RUN   TestBlob/binary_data
--- PASS: TestBlob (0.00s)
    --- PASS: TestBlob/empty_blob (0.00s)
    --- PASS: TestBlob/simple_text (0.00s)
    --- PASS: TestBlob/binary_data (0.00s)
=== RUN   TestTree
--- PASS: TestTree (0.00s)
=== RUN   TestCommit
--- PASS: TestCommit (0.00s)
=== RUN   TestTag
--- PASS: TestTag (0.00s)
=== RUN   TestParseObject
=== RUN   TestParseObject/parse_blob
=== RUN   TestParseObject/invalid_format_-_no_null_byte
=== RUN   TestParseObject/invalid_header_format
=== RUN   TestParseObject/size_mismatch
--- PASS: TestParseObject (0.00s)
    --- PASS: TestParseObject/parse_blob (0.00s)
    --- PASS: TestParseObject/invalid_format_-_no_null_byte (0.00s)
    --- PASS: TestParseObject/invalid_header_format (0.00s)
    --- PASS: TestParseObject/size_mismatch (0.00s)
=== RUN   TestCompressDecompress
--- PASS: TestCompressDecompress (0.00s)
=== RUN   TestAuthorString
--- PASS: TestAuthorString (0.00s)
=== RUN   TestParseTreeContent
--- PASS: TestParseTreeContent (0.00s)
PASS
ok  	github.com/caia-tech/govc/pkg/object	(cached)
=== RUN   TestMemoryRefStore
=== RUN   TestMemoryRefStore/basic_operations
=== RUN   TestMemoryRefStore/HEAD_operations
=== RUN   TestMemoryRefStore/list_refs
=== RUN   TestMemoryRefStore/delete_ref
=== RUN   TestMemoryRefStore/concurrent_access
--- PASS: TestMemoryRefStore (0.00s)
    --- PASS: TestMemoryRefStore/basic_operations (0.00s)
    --- PASS: TestMemoryRefStore/HEAD_operations (0.00s)
    --- PASS: TestMemoryRefStore/list_refs (0.00s)
    --- PASS: TestMemoryRefStore/delete_ref (0.00s)
    --- PASS: TestMemoryRefStore/concurrent_access (0.00s)
=== RUN   TestFileRefStore
=== RUN   TestFileRefStore/basic_operations
=== RUN   TestFileRefStore/HEAD_file
=== RUN   TestFileRefStore/packed_refs
--- PASS: TestFileRefStore (0.00s)
    --- PASS: TestFileRefStore/basic_operations (0.00s)
    --- PASS: TestFileRefStore/HEAD_file (0.00s)
    --- PASS: TestFileRefStore/packed_refs (0.00s)
=== RUN   TestRefManager
=== RUN   TestRefManager/branch_operations
=== RUN   TestRefManager/tag_operations
=== RUN   TestRefManager/HEAD_operations
=== RUN   TestRefManager/update_ref_with_old_value_check
--- PASS: TestRefManager (0.00s)
    --- PASS: TestRefManager/branch_operations (0.00s)
    --- PASS: TestRefManager/tag_operations (0.00s)
    --- PASS: TestRefManager/HEAD_operations (0.00s)
    --- PASS: TestRefManager/update_ref_with_old_value_check (0.00s)
=== RUN   TestInstantBranchOperations
    refs_test.go:455: Created 1000 branches in 475.834µs
    refs_test.go:474: Listed 1000 branches in 66.5µs
--- PASS: TestInstantBranchOperations (0.00s)
PASS
ok  	github.com/caia-tech/govc/pkg/refs	(cached)
=== RUN   TestMemoryBackend
=== RUN   TestMemoryBackend/basic_operations
=== RUN   TestMemoryBackend/list_objects
=== RUN   TestMemoryBackend/concurrent_access
--- PASS: TestMemoryBackend (0.00s)
    --- PASS: TestMemoryBackend/basic_operations (0.00s)
    --- PASS: TestMemoryBackend/list_objects (0.00s)
    --- PASS: TestMemoryBackend/concurrent_access (0.00s)
=== RUN   TestFileBackend
=== RUN   TestFileBackend/basic_operations
=== RUN   TestFileBackend/compression
--- PASS: TestFileBackend (0.00s)
    --- PASS: TestFileBackend/basic_operations (0.00s)
    --- PASS: TestFileBackend/compression (0.00s)
=== RUN   TestStore
=== RUN   TestStore/store_and_retrieve_blob
=== RUN   TestStore/store_and_retrieve_tree
=== RUN   TestStore/store_and_retrieve_commit
=== RUN   TestStore/caching_behavior
--- PASS: TestStore (0.00s)
    --- PASS: TestStore/store_and_retrieve_blob (0.00s)
    --- PASS: TestStore/store_and_retrieve_tree (0.00s)
    --- PASS: TestStore/store_and_retrieve_commit (0.00s)
    --- PASS: TestStore/caching_behavior (0.00s)
=== RUN   TestStoreListObjects
--- PASS: TestStoreListObjects (0.00s)
=== RUN   TestMemoryFirstPerformance
    storage_test.go:408: Memory backend: 192.25µs
    storage_test.go:409: File backend: 18.102416ms
--- PASS: TestMemoryFirstPerformance (0.03s)
PASS
ok  	github.com/caia-tech/govc/pkg/storage	(cached)
=== RUN   TestNewRepositoryPool
--- PASS: TestNewRepositoryPool (0.01s)
=== RUN   TestDefaultPoolConfig
--- PASS: TestDefaultPoolConfig (0.00s)
=== RUN   TestPoolConfigDefaults
=== RUN   TestPoolConfigDefaults/zero_values_get_defaults
=== RUN   TestPoolConfigDefaults/partial_config_gets_defaults_for_missing_values
--- PASS: TestPoolConfigDefaults (0.00s)
    --- PASS: TestPoolConfigDefaults/zero_values_get_defaults (0.00s)
    --- PASS: TestPoolConfigDefaults/partial_config_gets_defaults_for_missing_values (0.00s)
=== RUN   TestGetRepository
=== RUN   TestGetRepository/create_memory_repository
=== RUN   TestGetRepository/create_file_repository
=== RUN   TestGetRepository/get_existing_repository
--- PASS: TestGetRepository (0.00s)
    --- PASS: TestGetRepository/create_memory_repository (0.00s)
    --- PASS: TestGetRepository/create_file_repository (0.00s)
    --- PASS: TestGetRepository/get_existing_repository (0.00s)
=== RUN   TestPoolSizeLimit
--- PASS: TestPoolSizeLimit (0.00s)
=== RUN   TestRemoveRepository
--- PASS: TestRemoveRepository (0.00s)
=== RUN   TestPoolStats
--- PASS: TestPoolStats (0.00s)
=== RUN   TestPoolCleanup
    repository_pool_test.go:343: Evicted 0 repositories during cleanup
--- PASS: TestPoolCleanup (0.20s)
=== RUN   TestPooledRepositoryMethods
--- PASS: TestPooledRepositoryMethods (0.00s)
=== RUN   TestConcurrentPoolOperations
--- PASS: TestConcurrentPoolOperations (0.00s)
=== RUN   TestPoolEviction
    repository_pool_test.go:501: No repositories were evicted (they might still be considered active)
--- PASS: TestPoolEviction (0.05s)
=== RUN   TestPoolClose
--- PASS: TestPoolClose (0.00s)
=== RUN   TestPoolStatsWithoutMetrics
--- PASS: TestPoolStatsWithoutMetrics (0.00s)
PASS
ok  	github.com/caia-tech/govc/pool	(cached)
FAIL	github.com/caia-tech/govc/tests [build failed]
FAIL
